20140731_165543 ELEMENT NO LONGER ATTACHED TO THE DOM.
Screenshot: .\resources\errors\screenshots\screenshot_20140731_165543.png
-----STACK TRACE------
org.openqa.selenium.StaleElementReferenceException: Element is no longer attached to the DOM
Command duration or timeout: 87 milliseconds
For documentation on this error, please visit: http://seleniumhq.org/exceptions/stale_element_reference.html
Build info: version: '2.42.1', revision: '68b415a', time: '2014-05-29 16:17:18'
System info: host: 'OGA-01', ip: '192.168.4.185', os.name: 'Windows 7', os.arch: 'x86', os.version: '6.1', java.version: '1.7.0_04'
Session ID: 122b588f-5e11-4ade-8a4d-f5b717529084
Driver info: org.openqa.selenium.firefox.FirefoxDriver
Capabilities [{platform=XP, acceptSslCerts=true, javascriptEnabled=true, browserName=firefox, rotatable=false, locationContextEnabled=true, version=31.0, cssSelectorsEnabled=true, databaseEnabled=true, handlesAlerts=true, nativeEvents=false, webStorageEnabled=true, applicationCacheEnabled=true, takesScreenshot=true}]
	at sun.reflect.NativeConstructorAccessorImpl.newInstance0(Native Method)
	at sun.reflect.NativeConstructorAccessorImpl.newInstance(NativeConstructorAccessorImpl.java:57)
	at sun.reflect.DelegatingConstructorAccessorImpl.newInstance(DelegatingConstructorAccessorImpl.java:45)
	at java.lang.reflect.Constructor.newInstance(Constructor.java:525)
	at org.openqa.selenium.remote.ErrorHandler.createThrowable(ErrorHandler.java:204)
	at org.openqa.selenium.remote.ErrorHandler.throwIfResponseFailed(ErrorHandler.java:156)
	at org.openqa.selenium.remote.RemoteWebDriver.execute(RemoteWebDriver.java:600)
	at org.openqa.selenium.remote.RemoteWebElement.execute(RemoteWebElement.java:268)
	at org.openqa.selenium.remote.RemoteWebElement.isSelected(RemoteWebElement.java:132)
	at org.openqa.selenium.support.ui.Select.deselectAll(Select.java:227)
	at com.olenick.avatar.pages.PatientExperience.setMultiselectListValue(PatientExperience.java:841)
	at com.olenick.avatar.pages.PatientExperience.completeSurveySelection(PatientExperience.java:740)
	at com.olenick.avatar.pages.PatientExperience.runSearch(PatientExperience.java:721)
	at com.olenick.avatar.main.Avatar_v3_0.main(Avatar_v3_0.java:64)
Caused by: org.openqa.selenium.remote.ErrorHandler$UnknownServerException: Element is no longer attached to the DOM
Build info: version: '2.42.1', revision: '68b415a', time: '2014-05-29 16:17:18'
System info: host: 'OGA-01', ip: '192.168.4.185', os.name: 'Windows 7', os.arch: 'x86', os.version: '6.1', java.version: '1.7.0_04'
Driver info: driver.version: unknown
	at <anonymous class>.fxdriver.cache.getElementAt(resource://fxdriver/modules/web_element_cache.js:8183:24)
	at <anonymous class>.Utils.getElementAt(file:///C:/Users/dpiriz/AppData/Local/Temp/anonymous7116039152462520762webdriver-profile/extensions/fxdriver@googlecode.com/components/command_processor.js:7783:3)
	at <anonymous class>.WebElement.isElementSelected(file:///C:/Users/dpiriz/AppData/Local/Temp/anonymous7116039152462520762webdriver-profile/extensions/fxdriver@googlecode.com/components/command_processor.js:10962:7)
	at <anonymous class>.DelayedCommand.prototype.executeInternal_/h(file:///C:/Users/dpiriz/AppData/Local/Temp/anonymous7116039152462520762webdriver-profile/extensions/fxdriver@googlecode.com/components/command_processor.js:11455:16)
	at <anonymous class>.DelayedCommand.prototype.executeInternal_(file:///C:/Users/dpiriz/AppData/Local/Temp/anonymous7116039152462520762webdriver-profile/extensions/fxdriver@googlecode.com/components/command_processor.js:11460:7)
	at <anonymous class>.DelayedCommand.prototype.execute/<(file:///C:/Users/dpiriz/AppData/Local/Temp/anonymous7116039152462520762webdriver-profile/extensions/fxdriver@googlecode.com/components/command_processor.js:11402:5)


